<?xml version="1.0" encoding="UTF-8"?>
<!-- Generated by org.testng.reporters.JUnitXMLReporter -->
<testsuite ignored="1" hostname="LAPTOP-DU46RA1P" failures="0" tests="4" name="Default test" time="51.18" errors="0" timestamp="2023-04-01T21:07:45 IST">
  <testcase classname="automationScripts.AmazonFeatureTests" name="verifyTitleOfThePage" time="0.092"/>
  <testcase classname="automationScripts.AmazonFeatureTests" name="searchProduct" time="18.221"/>
  <testcase classname="automationScripts.AmazonFeatureTests" name="getNthProduct" time="0.169"/>
  <testcase classname="automationScripts.AmazonFeatureTests" name="searchAllProductsViaScrollDown" time="4.459"/>
  <testcase classname="automationScripts.AmazonFeatureTests" name="getAllProducts" time="0.0">
    <ignored/>
  </testcase> <!-- getAllProducts -->
</testsuite> <!-- Default test -->
