<?xml version="1.0" encoding="UTF-8"?>
<testng-results ignored="1" total="5" passed="4" failed="0" skipped="0">
  <reporter-output>
  </reporter-output>
  <suite started-at="2023-04-01T21:06:53 IST" name="Default suite" finished-at="2023-04-01T21:07:44 IST" duration-ms="51180">
    <groups>
    </groups>
    <test started-at="2023-04-01T21:06:53 IST" name="Default test" finished-at="2023-04-01T21:07:44 IST" duration-ms="51180">
      <class name="automationScripts.AmazonFeatureTests">
        <test-method is-config="true" signature="invokeBrowser()[pri:0, instance:automationScripts.AmazonFeatureTests@6e171cd7]" started-at="2023-04-01T21:06:53 IST" name="invokeBrowser" finished-at="2023-04-01T21:07:18 IST" duration-ms="25015" status="PASS">
          <reporter-output>
          </reporter-output>
        </test-method> <!-- invokeBrowser -->
        <test-method signature="verifyTitleOfThePage()[pri:0, instance:automationScripts.AmazonFeatureTests@6e171cd7]" started-at="2023-04-01T21:07:18 IST" name="verifyTitleOfThePage" finished-at="2023-04-01T21:07:18 IST" duration-ms="92" status="PASS">
          <reporter-output>
          </reporter-output>
        </test-method> <!-- verifyTitleOfThePage -->
        <test-method signature="searchProduct()[pri:10, instance:automationScripts.AmazonFeatureTests@6e171cd7]" started-at="2023-04-01T21:07:18 IST" name="searchProduct" finished-at="2023-04-01T21:07:36 IST" duration-ms="18221" status="PASS">
          <reporter-output>
          </reporter-output>
        </test-method> <!-- searchProduct -->
        <test-method signature="getNthProduct()[pri:20, instance:automationScripts.AmazonFeatureTests@6e171cd7]" started-at="2023-04-01T21:07:36 IST" name="getNthProduct" finished-at="2023-04-01T21:07:36 IST" duration-ms="169" status="PASS">
          <reporter-output>
          </reporter-output>
        </test-method> <!-- getNthProduct -->
        <test-method signature="searchAllProductsViaScrollDown()[pri:40, instance:automationScripts.AmazonFeatureTests@6e171cd7]" started-at="2023-04-01T21:07:36 IST" name="searchAllProductsViaScrollDown" finished-at="2023-04-01T21:07:41 IST" duration-ms="4459" status="PASS">
          <reporter-output>
          </reporter-output>
        </test-method> <!-- searchAllProductsViaScrollDown -->
        <test-method is-config="true" signature="closeBrowser()[pri:0, instance:automationScripts.AmazonFeatureTests@6e171cd7]" started-at="2023-04-01T21:07:41 IST" name="closeBrowser" finished-at="2023-04-01T21:07:44 IST" duration-ms="3188" status="PASS">
          <reporter-output>
          </reporter-output>
        </test-method> <!-- closeBrowser -->
      </class> <!-- automationScripts.AmazonFeatureTests -->
    </test> <!-- Default test -->
  </suite> <!-- Default suite -->
</testng-results>
